<?xml version="1.0" encoding="UTF-8"?>
<testng-results ignored="0" total="1" passed="1" failed="0" skipped="0">
  <reporter-output>
  </reporter-output>
  <suite started-at="2021-02-22T23:19:26 EST" name="helloworld_kumari.TestHelloWorld" finished-at="2021-02-22T23:19:26 EST" duration-ms="40">
    <groups>
    </groups>
    <test started-at="2021-02-22T23:19:26 EST" name="Command line test" finished-at="2021-02-22T23:19:26 EST" duration-ms="40">
      <class name="helloworld_kumari.TestHelloWorld">
        <test-method signature="testHelloWorld()[pri:0, instance:helloworld_kumari.TestHelloWorld@77f99a05]" started-at="2021-02-22T23:19:26 EST" name="testHelloWorld" finished-at="2021-02-22T23:19:26 EST" duration-ms="4" status="PASS">
          <reporter-output>
          </reporter-output>
        </test-method> <!-- testHelloWorld -->
      </class> <!-- helloworld_kumari.TestHelloWorld -->
    </test> <!-- Command line test -->
  </suite> <!-- helloworld_kumari.TestHelloWorld -->
</testng-results>
